*** Starting uWSGI 2.0.19.1 (64bit) on [Wed Aug 19 18:18:58 2020] ***
compiled with version: 7.5.0 on 19 August 2020 03:31:00
os: Linux-5.3.0-28-generic #30~18.04.1-Ubuntu SMP Fri Jan 17 06:14:09 UTC 2020
nodename: jhonny-virtual-machine
machine: x86_64
clock source: unix
detected number of CPU cores: 4
current working directory: /home/jhonny/project/pythonProject/flaskProject/watchlist/watchlist/script
detected binary path: /home/jhonny/project/pythonProject/py3Venv/bin/uwsgi
!!! no internal routing support, rebuild with pcre support !!!
chdir() to /home/jhonny/project/pythonProject/flaskProject/watchlist/watchlist
*** WARNING: you are running uWSGI without its master process manager ***
your processes number limit is 7388
your memory page size is 4096 bytes
detected max file descriptor number: 1024
lock engine: pthread robust mutexes
thunder lock: enabled
uWSGI http bound on 127.0.0.1:8001 fd 4
spawned uWSGI http 1 (pid: 14739)
uwsgi socket 0 bound to TCP address 127.0.0.1:42433 (port auto-assigned) fd 3
Python version: 3.6.9 (default, Jul 17 2020, 12:50:27)  [GCC 8.4.0]
Python main interpreter initialized at 0x56191bea81d0
python threads support enabled
your server socket listen backlog is limited to 100 connections
your mercy for graceful operations on workers is 60 seconds
mapped 1399920 bytes (1367 KB) for 16 cores
*** Operational MODE: preforking+threaded ***
WSGI app 0 (mountpoint='') ready in 0 seconds on interpreter 0x56191bea81d0 pid: 14738 (default app)
*** uWSGI is running in multiple interpreter mode ***
spawned uWSGI worker 1 (pid: 14738, cores: 4)
spawned uWSGI worker 2 (pid: 14743, cores: 4)
spawned uWSGI worker 3 (pid: 14747, cores: 4)
spawned uWSGI worker 4 (pid: 14751, cores: 4)
[pid: 14743|app: 0|req: 1/1] 127.0.0.1 () {36 vars in 579 bytes} [Wed Aug 19 18:19:15 2020] GET / => generated 1282 bytes in 49 msecs (HTTP/1.1 200) 2 headers in 81 bytes (1 switches on core 0)
[pid: 14743|app: 0|req: 2/2] 127.0.0.1 () {34 vars in 506 bytes} [Wed Aug 19 18:19:15 2020] GET /favicon.ico => generated 1011 bytes in 3 msecs (HTTP/1.1 404) 2 headers in 88 bytes (1 switches on core 1)
[deadlock-detector] a process holding a robust mutex died. recovering...
[deadlock-detector] a process holding a robust mutex died. recovering...
*** Starting uWSGI 2.0.19.1 (64bit) on [Wed Aug 19 21:24:35 2020] ***
compiled with version: 7.5.0 on 19 August 2020 03:31:00
os: Linux-5.3.0-28-generic #30~18.04.1-Ubuntu SMP Fri Jan 17 06:14:09 UTC 2020
nodename: jhonny-virtual-machine
machine: x86_64
clock source: unix
detected number of CPU cores: 4
current working directory: /home/jhonny/project/pythonProject/flaskProject/watchlist/watchlist/script
detected binary path: /home/jhonny/project/pythonProject/py3Venv/bin/uwsgi
!!! no internal routing support, rebuild with pcre support !!!
chdir() to /home/jhonny/project/pythonProject/flaskProject/watchlist/watchlist
*** WARNING: you are running uWSGI without its master process manager ***
your processes number limit is 7388
your memory page size is 4096 bytes
detected max file descriptor number: 1024
lock engine: pthread robust mutexes
thunder lock: enabled
uwsgi socket 0 bound to TCP address 127.0.0.1:8001 fd 3
Python version: 3.6.9 (default, Jul 17 2020, 12:50:27)  [GCC 8.4.0]
Python main interpreter initialized at 0x556e4e7680f0
python threads support enabled
your server socket listen backlog is limited to 100 connections
your mercy for graceful operations on workers is 60 seconds
mapped 1399920 bytes (1367 KB) for 16 cores
*** Operational MODE: preforking+threaded ***
WSGI app 0 (mountpoint='') ready in 0 seconds on interpreter 0x556e4e7680f0 pid: 15805 (default app)
*** uWSGI is running in multiple interpreter mode ***
spawned uWSGI worker 1 (pid: 15805, cores: 4)
spawned uWSGI worker 2 (pid: 15809, cores: 4)
spawned uWSGI worker 3 (pid: 15811, cores: 4)
spawned uWSGI worker 4 (pid: 15814, cores: 4)
[pid: 15814|app: 0|req: 1/1] 127.0.0.1 () {40 vars in 658 bytes} [Wed Aug 19 22:56:44 2020] GET / => generated 1282 bytes in 83 msecs (HTTP/1.1 200) 2 headers in 81 bytes (1 switches on core 3)
Gracefully killing worker 2 (pid: 15809)...
Gracefully killing worker 1 (pid: 15805)...
Gracefully killing worker 3 (pid: 15811)...
Gracefully killing worker 4 (pid: 15814)...
*** Starting uWSGI 2.0.19.1 (64bit) on [Thu Aug 20 08:29:57 2020] ***
compiled with version: 7.5.0 on 19 August 2020 03:31:00
os: Linux-5.3.0-28-generic #30~18.04.1-Ubuntu SMP Fri Jan 17 06:14:09 UTC 2020
nodename: jhonny-virtual-machine
machine: x86_64
clock source: unix
detected number of CPU cores: 4
current working directory: /home/jhonny/project/pythonProject/flaskProject/watchlist/watchlist/script
detected binary path: /home/jhonny/project/pythonProject/py3Venv/bin/uwsgi
!!! no internal routing support, rebuild with pcre support !!!
chdir() to /home/jhonny/project/pythonProject/flaskProject/watchlist/watchlist
*** WARNING: you are running uWSGI without its master process manager ***
your processes number limit is 7388
your memory page size is 4096 bytes
detected max file descriptor number: 1024
lock engine: pthread robust mutexes
thunder lock: enabled
uwsgi socket 0 bound to TCP address 127.0.0.1:8001 fd 3
Python version: 3.6.9 (default, Jul 17 2020, 12:50:27)  [GCC 8.4.0]
Python main interpreter initialized at 0x55b26b74f0f0
python threads support enabled
your server socket listen backlog is limited to 100 connections
your mercy for graceful operations on workers is 60 seconds
mapped 1399920 bytes (1367 KB) for 16 cores
*** Operational MODE: preforking+threaded ***
WSGI app 0 (mountpoint='') ready in 1 seconds on interpreter 0x55b26b74f0f0 pid: 2866 (default app)
*** uWSGI is running in multiple interpreter mode ***
spawned uWSGI worker 1 (pid: 2866, cores: 4)
spawned uWSGI worker 2 (pid: 2870, cores: 4)
spawned uWSGI worker 3 (pid: 2874, cores: 4)
spawned uWSGI worker 4 (pid: 2878, cores: 4)
[pid: 2870|app: 0|req: 1/1] 127.0.0.1 () {40 vars in 658 bytes} [Thu Aug 20 08:30:09 2020] GET / => generated 1282 bytes in 146 msecs (HTTP/1.1 200) 2 headers in 81 bytes (1 switches on core 0)
[pid: 2870|app: 0|req: 2/2] 192.168.178.1 () {40 vars in 752 bytes} [Thu Aug 20 08:32:10 2020] GET / => generated 1282 bytes in 24 msecs (HTTP/1.1 200) 2 headers in 81 bytes (1 switches on core 3)
[deadlock-detector] a process holding a robust mutex died. recovering...
[deadlock-detector] a process holding a robust mutex died. recovering...
